Enter the general maximum size (static max is 5):
Ok, the maximum size is: 4
Select a class of Create a class? to create between 0 and 2
0: false
1: true
Selected true
Select a class of Add a method to create between 0 and 2
0: false
1: true
Selected true
Creating method 0
Creating new Identifier{0}
Select a class of Method type to create between 0 and 3
0: NormalMethod
1: Constructor
2: Destructor
Selected NormalMethod
Creating argument context
Select a class of Add new variable to context to create between 0 and 2
0: false
1: true
Selected false
Creating return type
Select a class of Type to create between 0 and 2
0: ClassType
1: VoidType
Selected VoidType
Selecting index 1
Creating VoidType
Creating new VoidType{}
Creating local variables context
Select a class of Add new variable to context to create between 0 and 2
0: false
1: true
Selected false
Select a class of virtual method? to create between 0 and 2
0: false
1: true
Selected true
Select a class of Add a method to create between 0 and 2
0: false
1: true
Selected false
Creating new Identifier{1}
Creating class members for class 0
Select a class of Add new variable to context to create between 0 and 2
0: false
1: true
Selected false
Creating new Class{
 id:0
 bases:[]
 methods:[Method{400, Identifier{0}, VoidType{}, Context{[], []}, InitContext{[], [], []}, nullptr, 1, NormalMethod, 0},
 Method{401, Identifier{1}, VoidType{}, Context{[], []}, InitContext{[], [], []}, [    ], 0, Constructor, 1}]
 members:InitContext{[], [], []}
}
Select a class of Create a class? to create between 0 and 2
0: false
1: true
Selected true
Select a class of Add a new base class? to create between 0 and 2
0: false
1: true
Selected false
Select a class of Add a method to create between 0 and 2
0: false
1: true
Selected false
Creating new Identifier{2}
Creating class members for class 1
Select a class of Add new variable to context to create between 0 and 2
0: false
1: true
Selected true
Context: Creating next varidentifier
Creating new Identifier{0}
Context: Creating next type
Select a class of Type to create between 0 and 1
0: ClassType
Selected ClassType
Selecting index 0
Creating ClassType.  Selecting Class now.
Enter a number between 0 and 1 exclusive
Returning existing St10shared_ptrIN6Source5ClassEE Class{
 id:0
 bases:[]
 methods:[Method{400, Identifier{0}, VoidType{}, Context{[], []}, InitContext{[], [], []}, nullptr, 1, NormalMethod, 0},
 Method{401, Identifier{1}, VoidType{}, Context{[], []}, InitContext{[], [], []}, [    ], 0, Constructor, 1}]
 members:InitContext{[], [], []}
}
Creating new ClassType{0}
Select a class of Add new variable to context to create between 0 and 2
0: false
1: true
Selected false
Reading Expression for InitContext initializer of Identifier{0} type ClassType{0}
Expression creator
Select a class of Expression to create between 0 and 2
0: Rvalue
1: Lvalue
Selected Rvalue
Selecting index 0
Rvalue creator
Select a class of Rvalue to create between 0 and 8
0: AbstractLiteral
1: Nullptr
2: New
3: This
4: Call
5: AddressOf
6: Deref
7: ObjPtrCast
Selected Deref
Selecting index 6
Expression creator
Select a class of Expression to create between 0 and 2
0: Rvalue
1: Lvalue
Selected Rvalue
Selecting index 0
Rvalue creator
Select a class of Rvalue to create between 0 and 8
0: AbstractLiteral
1: Nullptr
2: New
3: This
4: Call
5: AddressOf
6: Deref
7: ObjPtrCast
Selected AbstractLiteral
Selecting index 0
Unable to make AbstractLiteral for type PtrType{ClassType{0}}
selecting failed...
Selecting index 0
Pointer type PtrType{ClassType{0}} accepted!
Creating new Nullptr{PtrType{ClassType{0}}}
Creating new Deref{ClassType{0}, Nullptr{PtrType{ClassType{0}}}}
Creating new Class{
 id:1
 bases:[]
 methods:[Method{402, Identifier{2}, VoidType{}, Context{[], []}, InitContext{[], [], []}, [    ], 0, Constructor, 1}]
 members:InitContext{[(Identifier{0}, Deref{ClassType{0}, Nullptr{PtrType{ClassType{0}}}})], [(Identifier{0}, ClassType{0})], [Identifier{0}]}
}
Select a class of Create a class? to create between 0 and 2
0: false
1: true
Selected true
Select a class of Add a new base class? to create between 0 and 2
0: false
1: true
Selected true
Selecting class for a base
Existing bases: [
  
]
HMM I am 2 considering inheritance of 0 and found not_ambiguous=1
HMM I am 2 considering inheritance of 1 and found not_ambiguous=1
Remaining unselected bases: [
  Class{
 id:0
 bases:[]
 methods:[Method{400, Identifier{0}, VoidType{}, Context{[], []}, InitContext{[], [], []}, nullptr, 1, NormalMethod, 0},
 Method{401, Identifier{1}, VoidType{}, Context{[], []}, InitContext{[], [], []}, [    ], 0, Constructor, 1}]
 members:InitContext{[], [], []}
},
  Class{
 id:1
 bases:[]
 methods:[Method{402, Identifier{2}, VoidType{}, Context{[], []}, InitContext{[], [], []}, [    ], 0, Constructor, 1}]
 members:InitContext{[(Identifier{0}, Deref{ClassType{0}, Nullptr{PtrType{ClassType{0}}}})], [(Identifier{0}, ClassType{0})], [Identifier{0}]}
}
]
Select a class of class to add as a base class to create between 0 and 2
0: Class{
 id:0
 bases:[]
 methods:[Method{400, Identifier{0}, VoidType{}, Context{[], []}, InitContext{[], [], []}, nullptr, 1, NormalMethod, 0},
 Method{401, Identifier{1}, VoidType{}, Context{[], []}, InitContext{[], [], []}, [    ], 0, Constructor, 1}]
 members:InitContext{[], [], []}
}
1: Class{
 id:1
 bases:[]
 methods:[Method{402, Identifier{2}, VoidType{}, Context{[], []}, InitContext{[], [], []}, [    ], 0, Constructor, 1}]
 members:InitContext{[(Identifier{0}, Deref{ClassType{0}, Nullptr{PtrType{ClassType{0}}}})], [(Identifier{0}, ClassType{0})], [Identifier{0}]}
}
Selected Class{
 id:1
 bases:[]
 methods:[Method{402, Identifier{2}, VoidType{}, Context{[], []}, InitContext{[], [], []}, [    ], 0, Constructor, 1}]
 members:InitContext{[(Identifier{0}, Deref{ClassType{0}, Nullptr{PtrType{ClassType{0}}}})], [(Identifier{0}, ClassType{0})], [Identifier{0}]}
}
Select a class of inheritance type to create between 0 and 2
0: Normal
1: Virtual
Selected Normal
Select a class of Add a new base class? to create between 0 and 2
0: false
1: true
Selected false
Select a class of Add a method to create between 0 and 2
0: false
1: true
Selected false
Creating new Identifier{3}
Creating class members for class 2
Select a class of Add new variable to context to create between 0 and 2
0: false
1: true
Selected false
Creating new Class{
 id:2
 bases:[(1, Normal)]
 methods:[Method{403, Identifier{3}, VoidType{}, Context{[], []}, InitContext{[], [], []}, [    ], 0, Constructor, 1}]
 members:InitContext{[], [], []}
}
Select a class of Create a class? to create between 0 and 2
0: false
1: true
Selected false
Select a class of Add new function to create between 0 and 2
0: false
1: true
Selected false
Select a class of Should we add actions to method and function bodies? to create between 0 and 2
0: false
1: true
Selected false
Creating new Program{[Class{
   id:0
   bases:[]
   methods:[Method{400, Identifier{0}, VoidType{}, Context{[], []}, InitContext{[], [], []}, [    ], 1, NormalMethod, 0},
   Method{401, Identifier{1}, VoidType{}, Context{[], []}, InitContext{[], [], []}, [    ], 0, Constructor, 1}]
   members:InitContext{[], [], []}
  },
  Class{
   id:1
   bases:[]
   methods:[Method{402, Identifier{2}, VoidType{}, Context{[], []}, InitContext{[], [], []}, [    ], 0, Constructor, 1}]
   members:InitContext{[(Identifier{0}, Deref{ClassType{0}, Nullptr{PtrType{ClassType{0}}}})], [(Identifier{0}, ClassType{0})], [Identifier{0}]}
  },
  Class{
   id:2
   bases:[(1, Normal)]
   methods:[Method{403, Identifier{3}, VoidType{}, Context{[], []}, InitContext{[], [], []}, [    ], 0, Constructor, 1}]
   members:InitContext{[], [], []}
  }],
 []}
Done!
Program{[Class{
   id:0
   bases:[]
   methods:[Method{400, Identifier{0}, VoidType{}, Context{[], []}, InitContext{[], [], []}, [    ], 1, NormalMethod, 0},
   Method{401, Identifier{1}, VoidType{}, Context{[], []}, InitContext{[], [], []}, [    ], 0, Constructor, 1}]
   members:InitContext{[], [], []}
  },
  Class{
   id:1
   bases:[]
   methods:[Method{402, Identifier{2}, VoidType{}, Context{[], []}, InitContext{[], [], []}, [    ], 0, Constructor, 1}]
   members:InitContext{[(Identifier{0}, Deref{ClassType{0}, Nullptr{PtrType{ClassType{0}}}})], [(Identifier{0}, ClassType{0})], [Identifier{0}]}
  },
  Class{
   id:2
   bases:[(1, Normal)]
   methods:[Method{403, Identifier{3}, VoidType{}, Context{[], []}, InitContext{[], [], []}, [    ], 0, Constructor, 1}]
   members:InitContext{[], [], []}
  }],
 []}

CPP: 
// type for special constructors
struct special_constructor {};
struct C0;

struct C1;

struct C2;

struct C0  {
/* method id 400 */ virtual void func0 ();
/* method id 401 */ C0 ();
C0 (special_constructor);
};
struct C1  {
/* method id 402 */ C1 ();
C1 (special_constructor);
C0 v0;
};
struct C2 : public C1 {
/* method id 403 */ C2 ();
C2 (special_constructor);
};
// definitions
/* method id 400 */ void C0::func0 () {

}
/* method id 401 */ C0::C0 () {

}
C0::C0 (special_constructor)  {}

/* method id 402 */ C1::C1 () {

}
C1::C1 (special_constructor)  {}

/* method id 403 */ C2::C2 () {

}
C2::C2 (special_constructor) : C1(special_constructor ()) {}


Method{400, Identifier{0}, VoidType{}, Context{[], []}, InitContext{[], [], []}, [    ], 1, NormalMethod, 0} is a new virtual function and will live on vftable [ 0 ]
Method{400, Identifier{0}, VoidType{}, Context{[], []}, InitContext{[], [], []}, [    ], 1, NormalMethod, 0} is a new virtual function and will live on vftable [ 0 ]
Method{400, Identifier{0}, VoidType{}, Context{[], []}, InitContext{[], [], []}, [    ], 1, NormalMethod, 0} is a new virtual function and will live on vftable [ 0 ]
Method{400, Identifier{0}, VoidType{}, Context{[], []}, InitContext{[], [], []}, [    ], 1, NormalMethod, 0} is a new virtual function and will live on vftable [ 0 ]
Method{400, Identifier{0}, VoidType{}, Context{[], []}, InitContext{[], [], []}, [    ], 1, NormalMethod, 0} is a new virtual function and will live on vftable [ 0 ]
Method{400, Identifier{0}, VoidType{}, Context{[], []}, InitContext{[], [], []}, [    ], 1, NormalMethod, 0} is a new virtual function and will live on vftable [ 0 ]
Method{400, Identifier{0}, VoidType{}, Context{[], []}, InitContext{[], [], []}, [    ], 1, NormalMethod, 0} is a new virtual function and will live on vftable [ 0 ]
Method{400, Identifier{0}, VoidType{}, Context{[], []}, InitContext{[], [], []}, [    ], 1, NormalMethod, 0} is a new virtual function and will live on vftable [ 0 ]
Method{400, Identifier{0}, VoidType{}, Context{[], []}, InitContext{[], [], []}, [    ], 1, NormalMethod, 0} is a new virtual function and will live on vftable [ 0 ]
Method{400, Identifier{0}, VoidType{}, Context{[], []}, InitContext{[], [], []}, [    ], 1, NormalMethod, 0} is a new virtual function and will live on vftable [ 0 ]
Method{400, Identifier{0}, VoidType{}, Context{[], []}, InitContext{[], [], []}, [    ], 1, NormalMethod, 0} is a new virtual function and will live on vftable [ 0 ]
Method{400, Identifier{0}, VoidType{}, Context{[], []}, InitContext{[], [], []}, [    ], 1, NormalMethod, 0} is a new virtual function and will live on vftable [ 0 ]
Method{400, Identifier{0}, VoidType{}, Context{[], []}, InitContext{[], [], []}, [    ], 1, NormalMethod, 0} is a new virtual function and will live on vftable [ 0 ]
Method{400, Identifier{0}, VoidType{}, Context{[], []}, InitContext{[], [], []}, [    ], 1, NormalMethod, 0} is a new virtual function and will live on vftable [ 0 ]
Method{400, Identifier{0}, VoidType{}, Context{[], []}, InitContext{[], [], []}, [    ], 1, NormalMethod, 0} is a new virtual function and will live on vftable [ 0 ]
Method{400, Identifier{0}, VoidType{}, Context{[], []}, InitContext{[], [], []}, [    ], 1, NormalMethod, 0} is a new virtual function and will live on vftable [ 0 ]
Method{400, Identifier{0}, VoidType{}, Context{[], []}, InitContext{[], [], []}, [    ], 1, NormalMethod, 0} is a new virtual function and will live on vftable [ 0 ]
Method{400, Identifier{0}, VoidType{}, Context{[], []}, InitContext{[], [], []}, [    ], 1, NormalMethod, 0} is a new virtual function and will live on vftable [ 0 ]
Method{400, Identifier{0}, VoidType{}, Context{[], []}, InitContext{[], [], []}, [    ], 1, NormalMethod, 0} is a new virtual function and will live on vftable [ 0 ]
Method{400, Identifier{0}, VoidType{}, Context{[], []}, InitContext{[], [], []}, [    ], 1, NormalMethod, 0} is a new virtual function and will live on vftable [ 0 ]
Method{400, Identifier{0}, VoidType{}, Context{[], []}, InitContext{[], [], []}, [    ], 1, NormalMethod, 0} is a new virtual function and will live on vftable [ 0 ]
Method{400, Identifier{0}, VoidType{}, Context{[], []}, InitContext{[], [], []}, [    ], 1, NormalMethod, 0} is a new virtual function and will live on vftable [ 0 ]
Method{400, Identifier{0}, VoidType{}, Context{[], []}, InitContext{[], [], []}, [    ], 1, NormalMethod, 0} is a new virtual function and will live on vftable [ 0 ]
Method{400, Identifier{0}, VoidType{}, Context{[], []}, InitContext{[], [], []}, [    ], 1, NormalMethod, 0} is a new virtual function and will live on vftable [ 0 ]
Method{400, Identifier{0}, VoidType{}, Context{[], []}, InitContext{[], [], []}, [    ], 1, NormalMethod, 0} is a new virtual function and will live on vftable [ 0 ]
Method{400, Identifier{0}, VoidType{}, Context{[], []}, InitContext{[], [], []}, [    ], 1, NormalMethod, 0} is a new virtual function and will live on vftable [ 0 ]
Method{400, Identifier{0}, VoidType{}, Context{[], []}, InitContext{[], [], []}, [    ], 1, NormalMethod, 0} is a new virtual function and will live on vftable [ 0 ]
Method{400, Identifier{0}, VoidType{}, Context{[], []}, InitContext{[], [], []}, [    ], 1, NormalMethod, 0} is a new virtual function and will live on vftable [ 0 ]
Method{400, Identifier{0}, VoidType{}, Context{[], []}, InitContext{[], [], []}, [    ], 1, NormalMethod, 0} is a new virtual function and will live on vftable [ 0 ]
Method{400, Identifier{0}, VoidType{}, Context{[], []}, InitContext{[], [], []}, [    ], 1, NormalMethod, 0} is a new virtual function and will live on vftable [ 0 ]
Method{400, Identifier{0}, VoidType{}, Context{[], []}, InitContext{[], [], []}, [    ], 1, NormalMethod, 0} is a new virtual function and will live on vftable [ 0 ]
Method{400, Identifier{0}, VoidType{}, Context{[], []}, InitContext{[], [], []}, [    ], 1, NormalMethod, 0} is a new virtual function and will live on vftable [ 0 ]
Method{400, Identifier{0}, VoidType{}, Context{[], []}, InitContext{[], [], []}, [    ], 1, NormalMethod, 0} is a new virtual function and will live on vftable [ 0 ]
Method{400, Identifier{0}, VoidType{}, Context{[], []}, InitContext{[], [], []}, [    ], 1, NormalMethod, 0} is a new virtual function and will live on vftable [ 0 ]
Method{400, Identifier{0}, VoidType{}, Context{[], []}, InitContext{[], [], []}, [    ], 1, NormalMethod, 0} is a new virtual function and will live on vftable [ 0 ]
Method{400, Identifier{0}, VoidType{}, Context{[], []}, InitContext{[], [], []}, [    ], 1, NormalMethod, 0} is a new virtual function and will live on vftable [ 0 ]
Method{400, Identifier{0}, VoidType{}, Context{[], []}, InitContext{[], [], []}, [    ], 1, NormalMethod, 0} is a new virtual function and will live on vftable [ 0 ]
Method{400, Identifier{0}, VoidType{}, Context{[], []}, InitContext{[], [], []}, [    ], 1, NormalMethod, 0} is a new virtual function and will live on vftable [ 0 ]
Method{400, Identifier{0}, VoidType{}, Context{[], []}, InitContext{[], [], []}, [    ], 1, NormalMethod, 0} is a new virtual function and will live on vftable [ 0 ]
Method{400, Identifier{0}, VoidType{}, Context{[], []}, InitContext{[], [], []}, [    ], 1, NormalMethod, 0} is a new virtual function and will live on vftable [ 0 ]
Method{400, Identifier{0}, VoidType{}, Context{[], []}, InitContext{[], [], []}, [    ], 1, NormalMethod, 0} is a new virtual function and will live on vftable [ 0 ]
Method{400, Identifier{0}, VoidType{}, Context{[], []}, InitContext{[], [], []}, [    ], 1, NormalMethod, 0} is a new virtual function and will live on vftable [ 0 ]
Method{400, Identifier{0}, VoidType{}, Context{[], []}, InitContext{[], [], []}, [    ], 1, NormalMethod, 0} is a new virtual function and will live on vftable [ 0 ]
Method{400, Identifier{0}, VoidType{}, Context{[], []}, InitContext{[], [], []}, [    ], 1, NormalMethod, 0} is a new virtual function and will live on vftable [ 0 ]
Method{400, Identifier{0}, VoidType{}, Context{[], []}, InitContext{[], [], []}, [    ], 1, NormalMethod, 0} is a new virtual function and will live on vftable [ 0 ]
Method{400, Identifier{0}, VoidType{}, Context{[], []}, InitContext{[], [], []}, [    ], 1, NormalMethod, 0} is a new virtual function and will live on vftable [ 0 ]
Method{400, Identifier{0}, VoidType{}, Context{[], []}, InitContext{[], [], []}, [    ], 1, NormalMethod, 0} is a new virtual function and will live on vftable [ 0 ]
Method{400, Identifier{0}, VoidType{}, Context{[], []}, InitContext{[], [], []}, [    ], 1, NormalMethod, 0} is a new virtual function and will live on vftable [ 0 ]
Method{400, Identifier{0}, VoidType{}, Context{[], []}, InitContext{[], [], []}, [    ], 1, NormalMethod, 0} is a new virtual function and will live on vftable [ 0 ]
Method{400, Identifier{0}, VoidType{}, Context{[], []}, InitContext{[], [], []}, [    ], 1, NormalMethod, 0} is a new virtual function and will live on vftable [ 0 ]
Method{400, Identifier{0}, VoidType{}, Context{[], []}, InitContext{[], [], []}, [    ], 1, NormalMethod, 0} is a new virtual function and will live on vftable [ 0 ]
Method{400, Identifier{0}, VoidType{}, Context{[], []}, InitContext{[], [], []}, [    ], 1, NormalMethod, 0} is a new virtual function and will live on vftable [ 0 ]
Method{400, Identifier{0}, VoidType{}, Context{[], []}, InitContext{[], [], []}, [    ], 1, NormalMethod, 0} is a new virtual function and will live on vftable [ 0 ]
Method{400, Identifier{0}, VoidType{}, Context{[], []}, InitContext{[], [], []}, [    ], 1, NormalMethod, 0} is a new virtual function and will live on vftable [ 0 ]
Method{400, Identifier{0}, VoidType{}, Context{[], []}, InitContext{[], [], []}, [    ], 1, NormalMethod, 0} is a new virtual function and will live on vftable [ 0 ]
Method{400, Identifier{0}, VoidType{}, Context{[], []}, InitContext{[], [], []}, [    ], 1, NormalMethod, 0} is a new virtual function and will live on vftable [ 0 ]
Method{400, Identifier{0}, VoidType{}, Context{[], []}, InitContext{[], [], []}, [    ], 1, NormalMethod, 0} is a new virtual function and will live on vftable [ 0 ]
Method{400, Identifier{0}, VoidType{}, Context{[], []}, InitContext{[], [], []}, [    ], 1, NormalMethod, 0} is a new virtual function and will live on vftable [ 0 ]
Method{400, Identifier{0}, VoidType{}, Context{[], []}, InitContext{[], [], []}, [    ], 1, NormalMethod, 0} is a new virtual function and will live on vftable [ 0 ]
Method{400, Identifier{0}, VoidType{}, Context{[], []}, InitContext{[], [], []}, [    ], 1, NormalMethod, 0} is a new virtual function and will live on vftable [ 0 ]
Method{400, Identifier{0}, VoidType{}, Context{[], []}, InitContext{[], [], []}, [    ], 1, NormalMethod, 0} is a new virtual function and will live on vftable [ 0 ]
Method{400, Identifier{0}, VoidType{}, Context{[], []}, InitContext{[], [], []}, [    ], 1, NormalMethod, 0} is a new virtual function and will live on vftable [ 0 ]
Method{400, Identifier{0}, VoidType{}, Context{[], []}, InitContext{[], [], []}, [    ], 1, NormalMethod, 0} is a new virtual function and will live on vftable [ 0 ]
Method{400, Identifier{0}, VoidType{}, Context{[], []}, InitContext{[], [], []}, [    ], 1, NormalMethod, 0} is a new virtual function and will live on vftable [ 0 ]
Method{400, Identifier{0}, VoidType{}, Context{[], []}, InitContext{[], [], []}, [    ], 1, NormalMethod, 0} is a new virtual function and will live on vftable [ 0 ]
Method{400, Identifier{0}, VoidType{}, Context{[], []}, InitContext{[], [], []}, [    ], 1, NormalMethod, 0} is a new virtual function and will live on vftable [ 0 ]
Method{400, Identifier{0}, VoidType{}, Context{[], []}, InitContext{[], [], []}, [    ], 1, NormalMethod, 0} is a new virtual function and will live on vftable [ 0 ]
Method{400, Identifier{0}, VoidType{}, Context{[], []}, InitContext{[], [], []}, [    ], 1, NormalMethod, 0} is a new virtual function and will live on vftable [ 0 ]
Method{400, Identifier{0}, VoidType{}, Context{[], []}, InitContext{[], [], []}, [    ], 1, NormalMethod, 0} is a new virtual function and will live on vftable [ 0 ]
Method{400, Identifier{0}, VoidType{}, Context{[], []}, InitContext{[], [], []}, [    ], 1, NormalMethod, 0} is a new virtual function and will live on vftable [ 0 ]
Method{400, Identifier{0}, VoidType{}, Context{[], []}, InitContext{[], [], []}, [    ], 1, NormalMethod, 0} is a new virtual function and will live on vftable [ 0 ]
Method{400, Identifier{0}, VoidType{}, Context{[], []}, InitContext{[], [], []}, [    ], 1, NormalMethod, 0} is a new virtual function and will live on vftable [ 0 ]
Method{400, Identifier{0}, VoidType{}, Context{[], []}, InitContext{[], [], []}, [    ], 1, NormalMethod, 0} is a new virtual function and will live on vftable [ 0 ]
Method{400, Identifier{0}, VoidType{}, Context{[], []}, InitContext{[], [], []}, [    ], 1, NormalMethod, 0} is a new virtual function and will live on vftable [ 0 ]
Method{400, Identifier{0}, VoidType{}, Context{[], []}, InitContext{[], [], []}, [    ], 1, NormalMethod, 0} is a new virtual function and will live on vftable [ 0 ]
Method{400, Identifier{0}, VoidType{}, Context{[], []}, InitContext{[], [], []}, [    ], 1, NormalMethod, 0} is a new virtual function and will live on vftable [ 0 ]
Method{400, Identifier{0}, VoidType{}, Context{[], []}, InitContext{[], [], []}, [    ], 1, NormalMethod, 0} is a new virtual function and will live on vftable [ 0 ]
Method{400, Identifier{0}, VoidType{}, Context{[], []}, InitContext{[], [], []}, [    ], 1, NormalMethod, 0} is a new virtual function and will live on vftable [ 0 ]
Method{400, Identifier{0}, VoidType{}, Context{[], []}, InitContext{[], [], []}, [    ], 1, NormalMethod, 0} is a new virtual function and will live on vftable [ 0 ]
Method{400, Identifier{0}, VoidType{}, Context{[], []}, InitContext{[], [], []}, [    ], 1, NormalMethod, 0} is a new virtual function and will live on vftable [ 0 ]
Method{400, Identifier{0}, VoidType{}, Context{[], []}, InitContext{[], [], []}, [    ], 1, NormalMethod, 0} is a new virtual function and will live on vftable [ 0 ]
XXX Only add deleting destructor if someone calls delete
XXX Only add deleting destructor if someone calls delete
XXX Only add deleting destructor if someone calls delete
XXX MSVC optimization
XXX ThisCall should maybe subclass FunClass
XXX MSVC optimization
XXX ThisCall should maybe subclass FunClass
XXX Already some compiled actions, skipping Method{401, Identifier{1}, VoidType{}, Context{[], []}, InitContext{[], [], []}, [    ], 0, Constructor, 1} for now.
XXX Already some compiled actions, skipping Method{402, Identifier{2}, VoidType{}, Context{[], []}, InitContext{[], [], []}, [    ], 0, Constructor, 1} for now.
XXX Already some compiled actions, skipping Method{403, Identifier{3}, VoidType{}, Context{[], []}, InitContext{[], [], []}, [    ], 0, Constructor, 1} for now.
CP before optimization: 
Program{0,
 [Function{0,
   [$0 = Comment{func0,
     Compiling actions from Method{400,
     Identifier{0},
     VoidType{},
     Context{[], []},
     InitContext{[], [], []},
     [
     
     ],
     1,
     NormalMethod,
     0}}]},
  Function{1,
   [$0 = Comment{func1,
     Start of constructor Method{401, Identifier{1}, VoidType{}, Context{[], []}, InitContext{[], [], []}, [    ], 0, Constructor, 1} for class 0}
    $1 = Comment{func1, Install VFTable 0 for inheritance path [ 0 ] to offset VirtualOffset{nullptr, 0}}
    $2 = GetArg{func1, [], 32, 0}
    $3 = Comment{func1, Computing virtual offset VirtualOffset{nullptr, 0}}
    $4 = GetArg{func1, [], 32, 0}
    $5 = VFTableWrite{conditions=[], $2, , VFTable{0}, can_be_optimized_away=0, last_base_inline=Function{1}}
    $6 = Comment{func1, Begin constructor user code actions}
    $7 = Comment{func1,
     Compiling actions from Method{401,
     Identifier{1},
     VoidType{},
     Context{[], []},
     InitContext{[], [], []},
     [
     
     ],
     0,
     Constructor,
     1}}
    $8 = Comment{func1, End constructor user code actions}
    $9 = Comment{func1,
     End of constructor Method{401, Identifier{1}, VoidType{}, Context{[], []}, InitContext{[], [], []}, [    ], 0, Constructor, 1} for class 0}]},
  Function{2,
   [$0 = Comment{func2,
     Start of constructor Method{402, Identifier{2}, VoidType{}, Context{[], []}, InitContext{[], [], []}, [    ], 0, Constructor, 1} for class 1}
    $1 = Comment{func2, Call Constructor of embedded var Identifier{0} of class 0 at offset 0 for class 1}
    $2 = GetArg{func2, [], 32, 0}
    $3 = ThisCall{thisptr=$2, conditions=[nullptr], Function{1}, auto_call_to_base_class=0, args=[$2]}
    $4 = Comment{func2, Begin constructor user code actions}
    $5 = Comment{func2,
     Compiling actions from Method{402,
     Identifier{2},
     VoidType{},
     Context{[], []},
     InitContext{[], [], []},
     [
     
     ],
     0,
     Constructor,
     1}}
    $6 = Comment{func2, End constructor user code actions}
    $7 = Comment{func2,
     End of constructor Method{402, Identifier{2}, VoidType{}, Context{[], []}, InitContext{[], [], []}, [    ], 0, Constructor, 1} for class 1}]},
  Function{3,
   [$0 = Comment{func3,
     Start of constructor Method{403, Identifier{3}, VoidType{}, Context{[], []}, InitContext{[], [], []}, [    ], 0, Constructor, 1} for class 2}
    $1 = Comment{func3, Call Constructor of regular base 1 at offset 0 for class 2}
    $2 = GetArg{func3, [], 32, 0}
    $3 = ThisCall{thisptr=$2, conditions=[nullptr], Function{2}, auto_call_to_base_class=1, args=[$2]}
    $4 = Comment{func3, Begin constructor user code actions}
    $5 = Comment{func3,
     Compiling actions from Method{403,
     Identifier{3},
     VoidType{},
     Context{[], []},
     InitContext{[], [], []},
     [
     
     ],
     0,
     Constructor,
     1}}
    $6 = Comment{func3, End constructor user code actions}
    $7 = Comment{func3,
     End of constructor Method{403, Identifier{3}, VoidType{}, Context{[], []}, InitContext{[], [], []}, [    ], 0, Constructor, 1} for class 2}]}],
 [([ 0 ], VFTable{0, [   (Method{400, Identifier{0}, VoidType{}, Context{[], []}, InitContext{[], [], []}, [    ], 1, NormalMethod, 0}, [ 0 ]) ]})],
 [],
 []}
Select a class of Enable function inlining? to create between 0 and 2
0: false
1: true
Selected true
Select a class of Enable function inlining for thiscall ThisCall{thisptr=$2, conditions=[nullptr], Function{1}, auto_call_to_base_class=0, args=[$2]} in Function{2} to create between 0 and 2
0: false
1: true
Selected true
Inlining call from Function{2,
 [$0 = Comment{func2,
   Start of constructor Method{402, Identifier{2}, VoidType{}, Context{[], []}, InitContext{[], [], []}, [    ], 0, Constructor, 1} for class 1}
  $1 = Comment{func2, Call Constructor of embedded var Identifier{0} of class 0 at offset 0 for class 1}
  $2 = GetArg{func2, [], 32, 0}
  $3 = ThisCall{thisptr=$2, conditions=[nullptr], Function{1}, auto_call_to_base_class=0, args=[$2]}
  $4 = Comment{func2, Begin constructor user code actions}
  $5 = Comment{func2,
   Compiling actions from Method{402,
   Identifier{2},
   VoidType{},
   Context{[], []},
   InitContext{[], [], []},
   [
   
   ],
   0,
   Constructor,
   1}}
  $6 = Comment{func2, End constructor user code actions}
  $7 = Comment{func2,
   End of constructor Method{402, Identifier{2}, VoidType{}, Context{[], []}, InitContext{[], [], []}, [    ], 0, Constructor, 1} for class 1}]}
to
Function{1,
 [$0 = Comment{func1,
   Start of constructor Method{401, Identifier{1}, VoidType{}, Context{[], []}, InitContext{[], [], []}, [    ], 0, Constructor, 1} for class 0}
  $1 = Comment{func1, Install VFTable 0 for inheritance path [ 0 ] to offset VirtualOffset{nullptr, 0}}
  $2 = GetArg{func1, [], 32, 0}
  $3 = Comment{func1, Computing virtual offset VirtualOffset{nullptr, 0}}
  $4 = GetArg{func1, [], 32, 0}
  $5 = VFTableWrite{conditions=[], $2, , VFTable{0}, can_be_optimized_away=0, last_base_inline=Function{1}}
  $6 = Comment{func1, Begin constructor user code actions}
  $7 = Comment{func1,
   Compiling actions from Method{401,
   Identifier{1},
   VoidType{},
   Context{[], []},
   InitContext{[], [], []},
   [
   
   ],
   0,
   Constructor,
   1}}
  $8 = Comment{func1, End constructor user code actions}
  $9 = Comment{func1,
   End of constructor Method{401, Identifier{1}, VoidType{}, Context{[], []}, InitContext{[], [], []}, [    ], 0, Constructor, 1} for class 0}]}
Select a class of Enable function inlining for thiscall ThisCall{thisptr=$2, conditions=[nullptr], Function{2}, auto_call_to_base_class=1, args=[$2]} in Function{3} to create between 0 and 2
0: false
1: true
Selected true
Inlining call from Function{3,
 [$0 = Comment{func3,
   Start of constructor Method{403, Identifier{3}, VoidType{}, Context{[], []}, InitContext{[], [], []}, [    ], 0, Constructor, 1} for class 2}
  $1 = Comment{func3, Call Constructor of regular base 1 at offset 0 for class 2}
  $2 = GetArg{func3, [], 32, 0}
  $3 = ThisCall{thisptr=$2, conditions=[nullptr], Function{2}, auto_call_to_base_class=1, args=[$2]}
  $4 = Comment{func3, Begin constructor user code actions}
  $5 = Comment{func3,
   Compiling actions from Method{403,
   Identifier{3},
   VoidType{},
   Context{[], []},
   InitContext{[], [], []},
   [
   
   ],
   0,
   Constructor,
   1}}
  $6 = Comment{func3, End constructor user code actions}
  $7 = Comment{func3,
   End of constructor Method{403, Identifier{3}, VoidType{}, Context{[], []}, InitContext{[], [], []}, [    ], 0, Constructor, 1} for class 2}]}
to
Function{2,
 [$0 = Comment{func2,
   Start of constructor Method{402, Identifier{2}, VoidType{}, Context{[], []}, InitContext{[], [], []}, [    ], 0, Constructor, 1} for class 1}
  $1 = Comment{func2, Call Constructor of embedded var Identifier{0} of class 0 at offset 0 for class 1}
  $2 = GetArg{func2, [], 32, 0}
  $3 = Comment{func2, Beginning of inlined function call to Function{1}}
  $4 = Comment{func2,
   Start of constructor Method{401, Identifier{1}, VoidType{}, Context{[], []}, InitContext{[], [], []}, [    ], 0, Constructor, 1} for class 0}
  $5 = Comment{func2, Install VFTable 0 for inheritance path [ 0 ] to offset VirtualOffset{nullptr, 0}}
  $6 = Comment{func2, Computing virtual offset VirtualOffset{nullptr, 0}}
  $7 = VFTableWrite{conditions=[nullptr], $2, , VFTable{0}, can_be_optimized_away=0, last_base_inline=Function{2}}
  $8 = Comment{func2, Begin constructor user code actions}
  $9 = Comment{func2,
   Compiling actions from Method{401,
   Identifier{1},
   VoidType{},
   Context{[], []},
   InitContext{[], [], []},
   [
   
   ],
   0,
   Constructor,
   1}}
  $10 = Comment{func2, End constructor user code actions}
  $11 = Comment{func2,
   End of constructor Method{401, Identifier{1}, VoidType{}, Context{[], []}, InitContext{[], [], []}, [    ], 0, Constructor, 1} for class 0}
  $12 = Comment{func2, End of inlined function call to Function{1}}
  $13 = Comment{func2, Begin constructor user code actions}
  $14 = Comment{func2,
   Compiling actions from Method{402,
   Identifier{2},
   VoidType{},
   Context{[], []},
   InitContext{[], [], []},
   [
   
   ],
   0,
   Constructor,
   1}}
  $15 = Comment{func2, End constructor user code actions}
  $16 = Comment{func2,
   End of constructor Method{402, Identifier{2}, VoidType{}, Context{[], []}, InitContext{[], [], []}, [    ], 0, Constructor, 1} for class 1}]}
I think this can now be optimized away... VFTableWrite{conditions=[nullptr, nullptr], $2, , VFTable{0}, can_be_optimized_away=0, last_base_inline=Function{3}}
Select a class of Enable redundant vftable elimination? to create between 0 and 2
0: false
1: true
Selected true
CP:
Program{0,
 [Function{0,
   [$0 = Comment{func0,
     Compiling actions from Method{400,
     Identifier{0},
     VoidType{},
     Context{[], []},
     InitContext{[], [], []},
     [
     
     ],
     1,
     NormalMethod,
     0}}]},
  Function{1,
   [$0 = Comment{func1,
     Start of constructor Method{401, Identifier{1}, VoidType{}, Context{[], []}, InitContext{[], [], []}, [    ], 0, Constructor, 1} for class 0}
    $1 = Comment{func1, Install VFTable 0 for inheritance path [ 0 ] to offset VirtualOffset{nullptr, 0}}
    $2 = GetArg{func1, [], 32, 0}
    $3 = Comment{func1, Computing virtual offset VirtualOffset{nullptr, 0}}
    $4 = GetArg{func1, [], 32, 0}
    $5 = VFTableWrite{conditions=[], $2, , VFTable{0}, can_be_optimized_away=0, last_base_inline=Function{1}}
    $6 = Comment{func1, Begin constructor user code actions}
    $7 = Comment{func1,
     Compiling actions from Method{401,
     Identifier{1},
     VoidType{},
     Context{[], []},
     InitContext{[], [], []},
     [
     
     ],
     0,
     Constructor,
     1}}
    $8 = Comment{func1, End constructor user code actions}
    $9 = Comment{func1,
     End of constructor Method{401, Identifier{1}, VoidType{}, Context{[], []}, InitContext{[], [], []}, [    ], 0, Constructor, 1} for class 0}]},
  Function{2,
   [$0 = Comment{func2,
     Start of constructor Method{402, Identifier{2}, VoidType{}, Context{[], []}, InitContext{[], [], []}, [    ], 0, Constructor, 1} for class 1}
    $1 = Comment{func2, Call Constructor of embedded var Identifier{0} of class 0 at offset 0 for class 1}
    $2 = GetArg{func2, [], 32, 0}
    $3 = Comment{func2, Beginning of inlined function call to Function{1}}
    $4 = Comment{func2,
     Start of constructor Method{401, Identifier{1}, VoidType{}, Context{[], []}, InitContext{[], [], []}, [    ], 0, Constructor, 1} for class 0}
    $5 = Comment{func2, Install VFTable 0 for inheritance path [ 0 ] to offset VirtualOffset{nullptr, 0}}
    $6 = Comment{func2, Computing virtual offset VirtualOffset{nullptr, 0}}
    $7 = VFTableWrite{conditions=[nullptr], $2, , VFTable{0}, can_be_optimized_away=0, last_base_inline=Function{2}}
    $8 = Comment{func2, Begin constructor user code actions}
    $9 = Comment{func2,
     Compiling actions from Method{401,
     Identifier{1},
     VoidType{},
     Context{[], []},
     InitContext{[], [], []},
     [
     
     ],
     0,
     Constructor,
     1}}
    $10 = Comment{func2, End constructor user code actions}
    $11 = Comment{func2,
     End of constructor Method{401, Identifier{1}, VoidType{}, Context{[], []}, InitContext{[], [], []}, [    ], 0, Constructor, 1} for class 0}
    $12 = Comment{func2, End of inlined function call to Function{1}}
    $13 = Comment{func2, Begin constructor user code actions}
    $14 = Comment{func2,
     Compiling actions from Method{402,
     Identifier{2},
     VoidType{},
     Context{[], []},
     InitContext{[], [], []},
     [
     
     ],
     0,
     Constructor,
     1}}
    $15 = Comment{func2, End constructor user code actions}
    $16 = Comment{func2,
     End of constructor Method{402, Identifier{2}, VoidType{}, Context{[], []}, InitContext{[], [], []}, [    ], 0, Constructor, 1} for class 1}]},
  Function{3,
   [$0 = Comment{func3,
     Start of constructor Method{403, Identifier{3}, VoidType{}, Context{[], []}, InitContext{[], [], []}, [    ], 0, Constructor, 1} for class 2}
    $1 = Comment{func3, Call Constructor of regular base 1 at offset 0 for class 2}
    $2 = GetArg{func3, [], 32, 0}
    $3 = Comment{func3, Beginning of inlined function call to Function{2}}
    $4 = Comment{func3,
     Start of constructor Method{402, Identifier{2}, VoidType{}, Context{[], []}, InitContext{[], [], []}, [    ], 0, Constructor, 1} for class 1}
    $5 = Comment{func3, Call Constructor of embedded var Identifier{0} of class 0 at offset 0 for class 1}
    $6 = Comment{func3, Beginning of inlined function call to Function{1}}
    $7 = Comment{func3,
     Start of constructor Method{401, Identifier{1}, VoidType{}, Context{[], []}, InitContext{[], [], []}, [    ], 0, Constructor, 1} for class 0}
    $8 = Comment{func3, Install VFTable 0 for inheritance path [ 0 ] to offset VirtualOffset{nullptr, 0}}
    $9 = Comment{func3, Computing virtual offset VirtualOffset{nullptr, 0}}
    $10 = VFTableWrite{conditions=[nullptr, nullptr], $2, , VFTable{0}, can_be_optimized_away=0, last_base_inline=Function{3}}
    $11 = Comment{func3, Begin constructor user code actions}
    $12 = Comment{func3,
     Compiling actions from Method{401,
     Identifier{1},
     VoidType{},
     Context{[], []},
     InitContext{[], [], []},
     [
     
     ],
     0,
     Constructor,
     1}}
    $13 = Comment{func3, End constructor user code actions}
    $14 = Comment{func3,
     End of constructor Method{401, Identifier{1}, VoidType{}, Context{[], []}, InitContext{[], [], []}, [    ], 0, Constructor, 1} for class 0}
    $15 = Comment{func3, End of inlined function call to Function{1}}
    $16 = Comment{func3, Begin constructor user code actions}
    $17 = Comment{func3,
     Compiling actions from Method{402,
     Identifier{2},
     VoidType{},
     Context{[], []},
     InitContext{[], [], []},
     [
     
     ],
     0,
     Constructor,
     1}}
    $18 = Comment{func3, End constructor user code actions}
    $19 = Comment{func3,
     End of constructor Method{402, Identifier{2}, VoidType{}, Context{[], []}, InitContext{[], [], []}, [    ], 0, Constructor, 1} for class 1}
    $20 = Comment{func3, End of inlined function call to Function{2}}
    $21 = Comment{func3, Begin constructor user code actions}
    $22 = Comment{func3,
     Compiling actions from Method{403,
     Identifier{3},
     VoidType{},
     Context{[], []},
     InitContext{[], [], []},
     [
     
     ],
     0,
     Constructor,
     1}}
    $23 = Comment{func3, End constructor user code actions}
    $24 = Comment{func3,
     End of constructor Method{403, Identifier{3}, VoidType{}, Context{[], []}, InitContext{[], [], []}, [    ], 0, Constructor, 1} for class 2}]}],
 [([ 0 ], VFTable{0, [   (Method{400, Identifier{0}, VoidType{}, Context{[], []}, InitContext{[], [], []}, [    ], 1, NormalMethod, 0}, [ 0 ]) ]})],
 [],
 []}
Test driver: #include <iostream>
void check_driver() {
/*
class C0    size(4)
0    +---
0    | {vfptr}
4    +---
*/
{
 const C0* obj = new C0(special_constructor());
 // verify class size
 const size_t vc_size = sizeof(C0);
 const size_t layout_size = 4;
 if (vc_size == layout_size) {
  std::cerr << "CLASSSIZE CORRECT: C0 " << layout_size << std::endl;
 } else {
  std::cerr << "CLASSSIZE INCORRECT: C0 " << vc_size << " " << layout_size << std::endl;
 }
 // verify base offset
}
/*
class C1    size(4)
0    +---
0    | var0: ClassType{0}
4    +---
*/
{
 const C1* obj = new C1(special_constructor());
 // verify class size
 const size_t vc_size = sizeof(C1);
 const size_t layout_size = 4;
 if (vc_size == layout_size) {
  std::cerr << "CLASSSIZE CORRECT: C1 " << layout_size << std::endl;
 } else {
  std::cerr << "CLASSSIZE INCORRECT: C1 " << vc_size << " " << layout_size << std::endl;
 }
 // verify base offset
}
/*
class C2    size(4)
0    +---
0    | +--- (base class C1)
0    | | var0: ClassType{0}
4    | +---
4    +---
*/
{
 const C2* obj = new C2(special_constructor());
 // verify class size
 const size_t vc_size = sizeof(C2);
 const size_t layout_size = 4;
 if (vc_size == layout_size) {
  std::cerr << "CLASSSIZE CORRECT: C2 " << layout_size << std::endl;
 } else {
  std::cerr << "CLASSSIZE INCORRECT: C2 " << vc_size << " " << layout_size << std::endl;
 }
 // verify base offset
 {
 const C1* baseobj = (C1*) obj;
 const size_t computed_offset = (uintptr_t)baseobj - (uintptr_t)obj;
 const size_t model_offset = 0;
 if (computed_offset == model_offset) {
  std::cerr << "BASEOFFSET CORRECT: C2 C1 " << computed_offset << std::endl;
 } else {
  const size_t vc_base_size = sizeof(C1);
  if (vc_base_size == 0 || vc_base_size == 1) std::cerr << "BASEOFFSET WEIRD: C2 C1 ";
  else std::cerr << "BASEOFFSET INCORRECT: C2 C1 ";
  std::cerr << computed_offset << " " << model_offset << std::endl;
 }}}
}
int main() { check_driver (); }
Compiled VFTables:
{[ 0 ] : <VFTable{0, [   (Method{400, Identifier{0}, VoidType{}, Context{[], []}, InitContext{[], [], []}, [    ], 1, NormalMethod, 0}, [ 0 ]) ]} at 0x559993477f60>}
Class: Class{
 id:0
 bases:[]
 methods:[Method{400, Identifier{0}, VoidType{}, Context{[], []}, InitContext{[], [], []}, [    ], 1, NormalMethod, 0},
 Method{401, Identifier{1}, VoidType{}, Context{[], []}, InitContext{[], [], []}, [    ], 0, Constructor, 1}]
 members:InitContext{[], [], []}
}
 vfptr on: 0
 vbptr on: none
layout: 
class C0    size(4)
0    +---
0    | {vfptr}
4    +---

VFTables for class:
 VFTable for inheritance path [ 0 ]
 Methods:
  Method id=400 name=Identifier{0}
VBTables for class:



Class: Class{
 id:1
 bases:[]
 methods:[Method{402, Identifier{2}, VoidType{}, Context{[], []}, InitContext{[], [], []}, [    ], 0, Constructor, 1}]
 members:InitContext{[(Identifier{0}, Deref{ClassType{0}, Nullptr{PtrType{ClassType{0}}}})], [(Identifier{0}, ClassType{0})], [Identifier{0}]}
}
 vfptr on: none
 vbptr on: none
layout: 
class C1    size(4)
0    +---
0    | var0: ClassType{0}
4    +---

VFTables for class:
VBTables for class:



Class: Class{
 id:2
 bases:[(1, Normal)]
 methods:[Method{403, Identifier{3}, VoidType{}, Context{[], []}, InitContext{[], [], []}, [    ], 0, Constructor, 1}]
 members:InitContext{[], [], []}
}
 vfptr on: none
 vbptr on: none
layout: 
class C2    size(4)
0    +---
0    | +--- (base class C1)
0    | | var0: ClassType{0}
4    | +---
4    +---

VFTables for class:
VBTables for class:



thisptr adjustments:
 Method 400: 0
 Method 401: 0
 Method 402: 0
 Method 403: 0
XXX fix returns_self
Method{400, Identifier{0}, VoidType{}, Context{[], []}, InitContext{[], [], []}, [    ], 1, NormalMethod, 0} is a new virtual function and will live on vftable [ 0 ]
Method{400, Identifier{0}, VoidType{}, Context{[], []}, InitContext{[], [], []}, [    ], 1, NormalMethod, 0} is a new virtual function and will live on vftable [ 0 ]
Method{400, Identifier{0}, VoidType{}, Context{[], []}, InitContext{[], [], []}, [    ], 1, NormalMethod, 0} is a new virtual function and will live on vftable [ 0 ]
Method{400, Identifier{0}, VoidType{}, Context{[], []}, InitContext{[], [], []}, [    ], 1, NormalMethod, 0} is a new virtual function and will live on vftable [ 0 ]
Method{400, Identifier{0}, VoidType{}, Context{[], []}, InitContext{[], [], []}, [    ], 1, NormalMethod, 0} is a new virtual function and will live on vftable [ 0 ]
Method{400, Identifier{0}, VoidType{}, Context{[], []}, InitContext{[], [], []}, [    ], 1, NormalMethod, 0} is a new virtual function and will live on vftable [ 0 ]
Method{400, Identifier{0}, VoidType{}, Context{[], []}, InitContext{[], [], []}, [    ], 1, NormalMethod, 0} is a new virtual function and will live on vftable [ 0 ]
Method{400, Identifier{0}, VoidType{}, Context{[], []}, InitContext{[], [], []}, [    ], 1, NormalMethod, 0} is a new virtual function and will live on vftable [ 0 ]
Method{400, Identifier{0}, VoidType{}, Context{[], []}, InitContext{[], [], []}, [    ], 1, NormalMethod, 0} is a new virtual function and will live on vftable [ 0 ]
Method{400, Identifier{0}, VoidType{}, Context{[], []}, InitContext{[], [], []}, [    ], 1, NormalMethod, 0} is a new virtual function and will live on vftable [ 0 ]
Method{400, Identifier{0}, VoidType{}, Context{[], []}, InitContext{[], [], []}, [    ], 1, NormalMethod, 0} is a new virtual function and will live on vftable [ 0 ]
Method{400, Identifier{0}, VoidType{}, Context{[], []}, InitContext{[], [], []}, [    ], 1, NormalMethod, 0} is a new virtual function and will live on vftable [ 0 ]
Method{400, Identifier{0}, VoidType{}, Context{[], []}, InitContext{[], [], []}, [    ], 1, NormalMethod, 0} is a new virtual function and will live on vftable [ 0 ]
Method{400, Identifier{0}, VoidType{}, Context{[], []}, InitContext{[], [], []}, [    ], 1, NormalMethod, 0} is a new virtual function and will live on vftable [ 0 ]
Method{400, Identifier{0}, VoidType{}, Context{[], []}, InitContext{[], [], []}, [    ], 1, NormalMethod, 0} is a new virtual function and will live on vftable [ 0 ]
Method{400, Identifier{0}, VoidType{}, Context{[], []}, InitContext{[], [], []}, [    ], 1, NormalMethod, 0} is a new virtual function and will live on vftable [ 0 ]
Method{400, Identifier{0}, VoidType{}, Context{[], []}, InitContext{[], [], []}, [    ], 1, NormalMethod, 0} is a new virtual function and will live on vftable [ 0 ]
Method{400, Identifier{0}, VoidType{}, Context{[], []}, InitContext{[], [], []}, [    ], 1, NormalMethod, 0} is a new virtual function and will live on vftable [ 0 ]
Method{400, Identifier{0}, VoidType{}, Context{[], []}, InitContext{[], [], []}, [    ], 1, NormalMethod, 0} is a new virtual function and will live on vftable [ 0 ]
Method{400, Identifier{0}, VoidType{}, Context{[], []}, InitContext{[], [], []}, [    ], 1, NormalMethod, 0} is a new virtual function and will live on vftable [ 0 ]
Method{400, Identifier{0}, VoidType{}, Context{[], []}, InitContext{[], [], []}, [    ], 1, NormalMethod, 0} is a new virtual function and will live on vftable [ 0 ]
Method{400, Identifier{0}, VoidType{}, Context{[], []}, InitContext{[], [], []}, [    ], 1, NormalMethod, 0} is a new virtual function and will live on vftable [ 0 ]
Method{400, Identifier{0}, VoidType{}, Context{[], []}, InitContext{[], [], []}, [    ], 1, NormalMethod, 0} is a new virtual function and will live on vftable [ 0 ]
Method{400, Identifier{0}, VoidType{}, Context{[], []}, InitContext{[], [], []}, [    ], 1, NormalMethod, 0} is a new virtual function and will live on vftable [ 0 ]
Method{400, Identifier{0}, VoidType{}, Context{[], []}, InitContext{[], [], []}, [    ], 1, NormalMethod, 0} is a new virtual function and will live on vftable [ 0 ]
Method{400, Identifier{0}, VoidType{}, Context{[], []}, InitContext{[], [], []}, [    ], 1, NormalMethod, 0} is a new virtual function and will live on vftable [ 0 ]
XXX fix returns_self
Method{400, Identifier{0}, VoidType{}, Context{[], []}, InitContext{[], [], []}, [    ], 1, NormalMethod, 0} is a new virtual function and will live on vftable [ 0 ]
Method{400, Identifier{0}, VoidType{}, Context{[], []}, InitContext{[], [], []}, [    ], 1, NormalMethod, 0} is a new virtual function and will live on vftable [ 0 ]
Method{400, Identifier{0}, VoidType{}, Context{[], []}, InitContext{[], [], []}, [    ], 1, NormalMethod, 0} is a new virtual function and will live on vftable [ 0 ]
Method{400, Identifier{0}, VoidType{}, Context{[], []}, InitContext{[], [], []}, [    ], 1, NormalMethod, 0} is a new virtual function and will live on vftable [ 0 ]
Method{400, Identifier{0}, VoidType{}, Context{[], []}, InitContext{[], [], []}, [    ], 1, NormalMethod, 0} is a new virtual function and will live on vftable [ 0 ]
Method{400, Identifier{0}, VoidType{}, Context{[], []}, InitContext{[], [], []}, [    ], 1, NormalMethod, 0} is a new virtual function and will live on vftable [ 0 ]
Method{400, Identifier{0}, VoidType{}, Context{[], []}, InitContext{[], [], []}, [    ], 1, NormalMethod, 0} is a new virtual function and will live on vftable [ 0 ]
Method{400, Identifier{0}, VoidType{}, Context{[], []}, InitContext{[], [], []}, [    ], 1, NormalMethod, 0} is a new virtual function and will live on vftable [ 0 ]
Method{400, Identifier{0}, VoidType{}, Context{[], []}, InitContext{[], [], []}, [    ], 1, NormalMethod, 0} is a new virtual function and will live on vftable [ 0 ]
Method{400, Identifier{0}, VoidType{}, Context{[], []}, InitContext{[], [], []}, [    ], 1, NormalMethod, 0} is a new virtual function and will live on vftable [ 0 ]
Method{400, Identifier{0}, VoidType{}, Context{[], []}, InitContext{[], [], []}, [    ], 1, NormalMethod, 0} is a new virtual function and will live on vftable [ 0 ]
Method{400, Identifier{0}, VoidType{}, Context{[], []}, InitContext{[], [], []}, [    ], 1, NormalMethod, 0} is a new virtual function and will live on vftable [ 0 ]
Method{400, Identifier{0}, VoidType{}, Context{[], []}, InitContext{[], [], []}, [    ], 1, NormalMethod, 0} is a new virtual function and will live on vftable [ 0 ]
Method{400, Identifier{0}, VoidType{}, Context{[], []}, InitContext{[], [], []}, [    ], 1, NormalMethod, 0} is a new virtual function and will live on vftable [ 0 ]
Method{400, Identifier{0}, VoidType{}, Context{[], []}, InitContext{[], [], []}, [    ], 1, NormalMethod, 0} is a new virtual function and will live on vftable [ 0 ]
Method{400, Identifier{0}, VoidType{}, Context{[], []}, InitContext{[], [], []}, [    ], 1, NormalMethod, 0} is a new virtual function and will live on vftable [ 0 ]
Method{400, Identifier{0}, VoidType{}, Context{[], []}, InitContext{[], [], []}, [    ], 1, NormalMethod, 0} is a new virtual function and will live on vftable [ 0 ]
Method{400, Identifier{0}, VoidType{}, Context{[], []}, InitContext{[], [], []}, [    ], 1, NormalMethod, 0} is a new virtual function and will live on vftable [ 0 ]
Method{400, Identifier{0}, VoidType{}, Context{[], []}, InitContext{[], [], []}, [    ], 1, NormalMethod, 0} is a new virtual function and will live on vftable [ 0 ]
Method{400, Identifier{0}, VoidType{}, Context{[], []}, InitContext{[], [], []}, [    ], 1, NormalMethod, 0} is a new virtual function and will live on vftable [ 0 ]
Method{400, Identifier{0}, VoidType{}, Context{[], []}, InitContext{[], [], []}, [    ], 1, NormalMethod, 0} is a new virtual function and will live on vftable [ 0 ]
Method{400, Identifier{0}, VoidType{}, Context{[], []}, InitContext{[], [], []}, [    ], 1, NormalMethod, 0} is a new virtual function and will live on vftable [ 0 ]
Method{400, Identifier{0}, VoidType{}, Context{[], []}, InitContext{[], [], []}, [    ], 1, NormalMethod, 0} is a new virtual function and will live on vftable [ 0 ]
Method{400, Identifier{0}, VoidType{}, Context{[], []}, InitContext{[], [], []}, [    ], 1, NormalMethod, 0} is a new virtual function and will live on vftable [ 0 ]
Method{400, Identifier{0}, VoidType{}, Context{[], []}, InitContext{[], [], []}, [    ], 1, NormalMethod, 0} is a new virtual function and will live on vftable [ 0 ]
Method{400, Identifier{0}, VoidType{}, Context{[], []}, InitContext{[], [], []}, [    ], 1, NormalMethod, 0} is a new virtual function and will live on vftable [ 0 ]
Warning: stream:7:
Warning:    Singleton variables: [PC]
Warning: stream:16:
Warning:    Singleton variables: [Annot,Len,PC,CSAnnot,CSLen]
Warning: stream:26:
Warning:    Singleton variables: [Uncovered]
Warning: stream:31:
Warning:    Singleton variables: [CP,FCP,SFile]
Warning: stream:127:
Warning:    Redefined static procedure possibleVFTableEntry/3
Warning:    Previously defined at /home/ed/Documents/pharos/share/prolog/oorules/initial.pl:38
Warning: stream:132:
Warning:    Clauses of factVFTableWrite/3 are not together in the source-file
Warning:    Earlier definition at stream:129
Warning:    Current predicate: possibleVFTableWriteHelper/5
Warning:    Use :- discontiguous factVFTableWrite/3. to suppress this message
Warning: stream:134:
Warning:    Clauses of possibleVFTableWriteHelper/5 are not together in the source-file
Warning:    Earlier definition at stream:131
Warning:    Current predicate: factVFTableWrite/3
Warning:    Use :- discontiguous possibleVFTableWriteHelper/5. to suppress this message
Warning: stream:135:
Warning:    Clauses of factVFTableWrite/3 are not together in the source-file
Warning:    Earlier definition at stream:129
Warning:    Current predicate: possibleVFTableWriteHelper/5
Warning:    Use :- discontiguous factVFTableWrite/3. to suppress this message
Warning: stream:137:
Warning:    Clauses of possibleVFTableWriteHelper/5 are not together in the source-file
Warning:    Earlier definition at stream:131
Warning:    Current predicate: factVFTableWrite/3
Warning:    Use :- discontiguous possibleVFTableWriteHelper/5. to suppress this message
Warning: stream:144:
Warning:    Clauses of factObjectInObject/3 are not together in the source-file
Warning:    Earlier definition at stream:141
Warning:    Current predicate: factNOTDerivedClass/3
Warning:    Use :- discontiguous factObjectInObject/3. to suppress this message
Warning: stream:149:
Warning:    Clauses of factClassSizeGTE/2 are not together in the source-file
Warning:    Earlier definition at stream:147
Warning:    Current predicate: factClassSizeLTE/2
Warning:    Use :- discontiguous factClassSizeGTE/2. to suppress this message
Warning: stream:150:
Warning:    Clauses of factClassSizeLTE/2 are not together in the source-file
Warning:    Earlier definition at stream:148
Warning:    Current predicate: factClassSizeGTE/2
Warning:    Use :- discontiguous factClassSizeLTE/2. to suppress this message
Warning: stream:151:
Warning:    Clauses of factClassSizeGTE/2 are not together in the source-file
Warning:    Earlier definition at stream:147
Warning:    Current predicate: factClassSizeLTE/2
Warning:    Use :- discontiguous factClassSizeGTE/2. to suppress this message
Warning: stream:152:
Warning:    Clauses of factClassSizeLTE/2 are not together in the source-file
Warning:    Earlier definition at stream:148
Warning:    Current predicate: factClassSizeGTE/2
Warning:    Use :- discontiguous factClassSizeLTE/2. to suppress this message
Warning: stream:158:
Warning:    Clauses of findint/2 are not together in the source-file
Warning:    Earlier definition at stream:153
Warning:    Current predicate: factNOTDeletingDestructor/1
Warning:    Use :- discontiguous findint/2. to suppress this message
Warning: stream:159:
Warning:    Clauses of factMethod/1 are not together in the source-file
Warning:    Earlier definition at stream:154
Warning:    Current predicate: findint/2
Warning:    Use :- discontiguous factMethod/1. to suppress this message
Warning: stream:161:
Warning:    Clauses of factNOTRealDestructor/1 are not together in the source-file
Warning:    Earlier definition at stream:156
Warning:    Current predicate: factConstructor/1
Warning:    Use :- discontiguous factNOTRealDestructor/1. to suppress this message
Warning: stream:162:
Warning:    Clauses of factNOTDeletingDestructor/1 are not together in the source-file
Warning:    Earlier definition at stream:157
Warning:    Current predicate: factNOTRealDestructor/1
Warning:    Use :- discontiguous factNOTDeletingDestructor/1. to suppress this message
Warning: stream:163:
Warning:    Clauses of findint/2 are not together in the source-file
Warning:    Earlier definition at stream:153
Warning:    Current predicate: factNOTDeletingDestructor/1
Warning:    Use :- discontiguous findint/2. to suppress this message
Warning: stream:164:
Warning:    Clauses of factMethod/1 are not together in the source-file
Warning:    Earlier definition at stream:154
Warning:    Current predicate: findint/2
Warning:    Use :- discontiguous factMethod/1. to suppress this message
Warning: stream:165:
Warning:    Clauses of factConstructor/1 are not together in the source-file
Warning:    Earlier definition at stream:160
Warning:    Current predicate: factMethod/1
Warning:    Use :- discontiguous factConstructor/1. to suppress this message
Warning: stream:166:
Warning:    Clauses of factNOTRealDestructor/1 are not together in the source-file
Warning:    Earlier definition at stream:156
Warning:    Current predicate: factConstructor/1
Warning:    Use :- discontiguous factNOTRealDestructor/1. to suppress this message
Warning: stream:167:
Warning:    Clauses of factNOTDeletingDestructor/1 are not together in the source-file
Warning:    Earlier definition at stream:157
Warning:    Current predicate: factNOTRealDestructor/1
Warning:    Use :- discontiguous factNOTDeletingDestructor/1. to suppress this message
Warning: stream:168:
Warning:    Clauses of findint/2 are not together in the source-file
Warning:    Earlier definition at stream:153
Warning:    Current predicate: factNOTDeletingDestructor/1
Warning:    Use :- discontiguous findint/2. to suppress this message
Warning: stream:169:
Warning:    Clauses of factMethod/1 are not together in the source-file
Warning:    Earlier definition at stream:154
Warning:    Current predicate: findint/2
Warning:    Use :- discontiguous factMethod/1. to suppress this message
Warning: stream:170:
Warning:    Clauses of factConstructor/1 are not together in the source-file
Warning:    Earlier definition at stream:160
Warning:    Current predicate: factMethod/1
Warning:    Use :- discontiguous factConstructor/1. to suppress this message
Warning: stream:171:
Warning:    Clauses of factNOTRealDestructor/1 are not together in the source-file
Warning:    Earlier definition at stream:156
Warning:    Current predicate: factConstructor/1
Warning:    Use :- discontiguous factNOTRealDestructor/1. to suppress this message
Warning: stream:172:
Warning:    Clauses of factNOTDeletingDestructor/1 are not together in the source-file
Warning:    Earlier definition at stream:157
Warning:    Current predicate: factNOTRealDestructor/1
Warning:    Use :- discontiguous factNOTDeletingDestructor/1. to suppress this message
Warning: stream:186:
Warning:    Singleton variables: [M]
Warning: stream:194:
Warning:    Redefined static procedure possibleVFTableWrite/5
Warning:    Previously defined at /home/ed/Documents/pharos/share/prolog/oorules/initial.pl:13
Warning: stream:202:
Warning:    Redefined static procedure possibleVBTableWrite/5
Warning:    Previously defined at /home/ed/Documents/pharos/share/prolog/oorules/initial.pl:15
Warning: stream:210:
Warning:    Clauses of findint/2 are not together in the source-file
Warning:    Earlier definition at stream:153
Warning:    Current predicate: groundVFTableBelongsToClass/2
Warning:    Use :- discontiguous findint/2. to suppress this message
RESULT,FALSE,sound,VftableBelongs,"VftableBelongs(vftable(0),class(2))",""
ERROR: Unhandled exception: Unknown message: error(badRule('VftableBelongs',(vftable(0),class(2))))
Exception
