[Thread 1 (main) at Thu Sep 30 10:56:42 2021] ../src/pl-tabling.c:7033: idg_changed_loop___LD: Assertion failed: fc >= 0
C-stack trace labeled "assert_fail":
  [0] save_backtrace() at /data/research/swipl/src/build-ed/../src/os/pl-cstack.c:333 [0x7f8540c06045]
  [1] __assert_fail() at /data/research/swipl/src/build-ed/../src/pl-assert.c:103 [0x7f8540bae4c7]
  [2] idg_changed_loop___LD() at /data/research/swipl/src/build-ed/../src/pl-tabling.c:7033 [0x7f8540bc418f]
  [3] idg_propagate_change() at /data/research/swipl/src/build-ed/../src/pl-tabling.c:7066 [0x7f8540bc4972]
  [4] PL_next_solution___LD() at /data/research/swipl/src/build-ed/../src/pl-vmi.c:4581 [0x7f8540b20eb7]
  [5] PL_call_predicate() at /data/research/swipl/src/build-ed/../src/pl-fli.c:4121 [0x7f8540bddf09]
  [6] call_event_list___LD() at /data/research/swipl/src/build-ed/../src/pl-event.c:407 [0x7f8540bcc4e3]
  [7] call_event_list___LD() at /data/research/swipl/src/build-ed/../src/pl-event.c:380 [0x7f8540bcd3a9]
  [8] assertDefinition___LD() at /data/research/swipl/src/build-ed/../src/pl-proc.c:1355 [0x7f8540b66376]
  [9] assert_term___LD() at /data/research/swipl/src/build-ed/../src/pl-comp.c:4264 [0x7f8540b3de15]
  [10] pl_asserta11_va() at /data/research/swipl/src/build-ed/../src/pl-comp.c:4283 [0x7f8540b3e02f]
  [11] PL_next_solution___LD() at /data/research/swipl/src/build-ed/../src/pl-vmi.c:4581 [0x7f8540b20eb7]
  [12] callProlog() at /data/research/swipl/src/build-ed/../src/pl-pro.c:405 [0x7f8540b63000]
  [13] transaction___LD() at /data/research/swipl/src/build-ed/../src/pl-transaction.c:605 [0x7f8540bce118]
  [14] pl_transaction2_va() at /data/research/swipl/src/build-ed/../src/pl-transaction.c:659 [0x7f8540bce6af]
  [15] PL_next_solution___LD() at /data/research/swipl/src/build-ed/../src/pl-vmi.c:4581 [0x7f8540b20eb7]
  [16] callProlog() at /data/research/swipl/src/build-ed/../src/pl-pro.c:405 [0x7f8540b63000]
  [17] pl_with_output_to2_va() at /data/research/swipl/src/build-ed/../src/os/pl-file.c:1572 [0x7f8540beaf74]
  [18] PL_next_solution___LD() at /data/research/swipl/src/build-ed/../src/pl-vmi.c:4581 [0x7f8540b20eb7]
  [19] query_loop() at /data/research/swipl/src/build-ed/../src/pl-pro.c:155 [0x7f8540b62b9c]
  [20] prologToplevel() at /data/research/swipl/src/build-ed/../src/pl-pro.c:497 [0x7f8540b6339b]
  [21] PL_initialise() at /data/research/swipl/src/build-ed/../src/pl-init.c:1219 [0x7f8540ba6074]
  [22] swipl(+0x666) [0x400666]
  [23] __libc_start_main() at ??:? [0x7f8540738555]
  [24] swipl(+0x6b9) [0x4006b9]
